<?xml version="1.0" encoding="UTF-8"?>
<TestRun id="f1ffb3ea-a2fc-4be8-acb4-3e6e980e708e" name="Oprimus User New@OPTIMUS-PC-NEW1 2013-10-07 11:25:19" runUser="OPTIMUS-PC-NEW1\Oprimus User New" xmlns="http://microsoft.com/schemas/VisualStudio/TeamTest/2010">
  <TestSettings name="Local" id="d33705c7-96d0-4473-9c4c-8ea313b95fc5">
    <Description>These are default test settings for a local test run.</Description>
    <Deployment enabled="false" runDeploymentRoot="Oprimus User New_OPTIMUS-PC-NEW1 2013-10-07 11_25_19">
      <DeploymentItem filename="C:\Users\Shweta Sharma\Documents\Visual Studio 2010\Projects\Assignment-33-Test-Cases\Assignment-33-Test-Cases\bin\Assignment-33-Test-Cases.dll" />
    </Deployment>
    <Execution>
      <TestTypeSpecific />
      <AgentRule name="Execution Agents">
      </AgentRule>
    </Execution>
  </TestSettings>
  <Times creation="2013-10-07T11:25:19.4483970+05:30" queuing="2013-10-07T11:25:19.4903994+05:30" start="2013-10-07T11:25:19.5164009+05:30" finish="2013-10-07T11:25:19.8514200+05:30" />
  <ResultSummary outcome="Failed">
    <Counters total="4" executed="4" passed="3" error="0" failed="1" timeout="0" aborted="0" inconclusive="0" passedButRunAborted="0" notRunnable="0" notExecuted="0" disconnected="0" warning="0" completed="0" inProgress="0" pending="0" />
  </ResultSummary>
  <TestDefinitions>
    <UnitTest name="GetPercentage_PositiveTest" storage="c:\users\shweta sharma\documents\visual studio 2010\projects\assignment-33-test-cases\checkpercentage\bin\debug\checkpercentage.dll" id="22fb828f-6c5f-e4bb-7084-a6d4f0d3e7c7">
      <Execution id="f99c8b30-9df9-49ed-b5d3-bb067349b972" />
      <TestMethod codeBase="C:/Users/Shweta Sharma/Documents/Visual Studio 2010/Projects/Assignment-33-Test-Cases/CheckPercentage/bin/Debug/CheckPercentage.DLL" adapterTypeName="Microsoft.VisualStudio.TestTools.TestTypes.Unit.UnitTestAdapter, Microsoft.VisualStudio.QualityTools.Tips.UnitTest.Adapter, Version=10.0.0.0, Culture=neutral, PublicKeyToken=b03f5f7f11d50a3a" className="CheckPercentage.DataTest, CheckPercentage, Version=1.0.0.0, Culture=neutral, PublicKeyToken=null" name="GetPercentage_PositiveTest" />
    </UnitTest>
    <UnitTest name="GetPercentageTest_exceptions" storage="c:\users\shweta sharma\documents\visual studio 2010\projects\assignment-33-test-cases\checkpercentage\bin\debug\checkpercentage.dll" id="014ff619-db58-2050-fd83-9f1458e393e7">
      <Execution id="25302caf-99fe-452f-86d8-982c5cb52353" />
      <TestMethod codeBase="C:/Users/Shweta Sharma/Documents/Visual Studio 2010/Projects/Assignment-33-Test-Cases/CheckPercentage/bin/Debug/CheckPercentage.DLL" adapterTypeName="Microsoft.VisualStudio.TestTools.TestTypes.Unit.UnitTestAdapter, Microsoft.VisualStudio.QualityTools.Tips.UnitTest.Adapter, Version=10.0.0.0, Culture=neutral, PublicKeyToken=b03f5f7f11d50a3a" className="CheckPercentage.DataTest, CheckPercentage, Version=1.0.0.0, Culture=neutral, PublicKeyToken=null" name="GetPercentageTest_exceptions" />
      <AspNet webSiteUrl="http://localhost:8426/">
        <Host pathToWebApp="c:\users\shweta sharma\documents\visual studio 2010\Projects\Assignment-33-Test-Cases\Assignment-33-Test-Cases" webAppRoot="/" />
      </AspNet>
    </UnitTest>
    <UnitTest name="GetPercentage_NegativeTest" storage="c:\users\shweta sharma\documents\visual studio 2010\projects\assignment-33-test-cases\checkpercentage\bin\debug\checkpercentage.dll" id="c466efc0-256c-0a4d-d337-d09c8cff9af8">
      <Execution id="bc251ff3-2c47-4151-94cd-f5e6ec3ae477" />
      <TestMethod codeBase="C:/Users/Shweta Sharma/Documents/Visual Studio 2010/Projects/Assignment-33-Test-Cases/CheckPercentage/bin/Debug/CheckPercentage.DLL" adapterTypeName="Microsoft.VisualStudio.TestTools.TestTypes.Unit.UnitTestAdapter, Microsoft.VisualStudio.QualityTools.Tips.UnitTest.Adapter, Version=10.0.0.0, Culture=neutral, PublicKeyToken=b03f5f7f11d50a3a" className="CheckPercentage.DataTest, CheckPercentage, Version=1.0.0.0, Culture=neutral, PublicKeyToken=null" name="GetPercentage_NegativeTest" />
    </UnitTest>
    <UnitTest name="GetPercentageTest_BoundaryValues" storage="c:\users\shweta sharma\documents\visual studio 2010\projects\assignment-33-test-cases\checkpercentage\bin\debug\checkpercentage.dll" id="34de043c-a716-0b00-27f3-9195a5394f30">
      <Execution id="5b96e925-6d0d-42c1-bd2b-1181619df50c" />
      <TestMethod codeBase="C:/Users/Shweta Sharma/Documents/Visual Studio 2010/Projects/Assignment-33-Test-Cases/CheckPercentage/bin/Debug/CheckPercentage.DLL" adapterTypeName="Microsoft.VisualStudio.TestTools.TestTypes.Unit.UnitTestAdapter, Microsoft.VisualStudio.QualityTools.Tips.UnitTest.Adapter, Version=10.0.0.0, Culture=neutral, PublicKeyToken=b03f5f7f11d50a3a" className="CheckPercentage.DataTest, CheckPercentage, Version=1.0.0.0, Culture=neutral, PublicKeyToken=null" name="GetPercentageTest_BoundaryValues" />
    </UnitTest>
  </TestDefinitions>
  <TestLists>
    <TestList name="Results Not in a List" id="8c84fa94-04c1-424b-9868-57a2d4851a1d" />
    <TestList name="All Loaded Results" id="19431567-8539-422a-85d7-44ee4e166bda" />
  </TestLists>
  <TestEntries>
    <TestEntry testId="014ff619-db58-2050-fd83-9f1458e393e7" executionId="25302caf-99fe-452f-86d8-982c5cb52353" testListId="8c84fa94-04c1-424b-9868-57a2d4851a1d" />
    <TestEntry testId="22fb828f-6c5f-e4bb-7084-a6d4f0d3e7c7" executionId="f99c8b30-9df9-49ed-b5d3-bb067349b972" testListId="8c84fa94-04c1-424b-9868-57a2d4851a1d" />
    <TestEntry testId="34de043c-a716-0b00-27f3-9195a5394f30" executionId="5b96e925-6d0d-42c1-bd2b-1181619df50c" testListId="8c84fa94-04c1-424b-9868-57a2d4851a1d" />
    <TestEntry testId="c466efc0-256c-0a4d-d337-d09c8cff9af8" executionId="bc251ff3-2c47-4151-94cd-f5e6ec3ae477" testListId="8c84fa94-04c1-424b-9868-57a2d4851a1d" />
  </TestEntries>
  <Results>
    <UnitTestResult executionId="25302caf-99fe-452f-86d8-982c5cb52353" testId="014ff619-db58-2050-fd83-9f1458e393e7" testName="GetPercentageTest_exceptions" computerName="OPTIMUS-PC-NEW1" startTime="2013-10-07T11:25:19.5254014+05:30" endTime="2013-10-07T11:25:19.5684038+05:30" testType="13cdc9d9-ddb5-4fa4-a97d-d965ccfc6d4b" outcome="Failed" testListId="8c84fa94-04c1-424b-9868-57a2d4851a1d" relativeResultsDirectory="25302caf-99fe-452f-86d8-982c5cb52353">
      <Output>
        <ErrorInfo>
          <Message>The web.config file for the site http://localhost:8426/ contains information from a previous run.  Replacing it with the backup file (web.config.backup) should fix the issue.</Message>
        </ErrorInfo>
      </Output>
    </UnitTestResult>
    <UnitTestResult executionId="f99c8b30-9df9-49ed-b5d3-bb067349b972" testId="22fb828f-6c5f-e4bb-7084-a6d4f0d3e7c7" testName="GetPercentage_PositiveTest" computerName="OPTIMUS-PC-NEW1" duration="00:00:00.0133059" startTime="2013-10-07T11:25:19.5754042+05:30" endTime="2013-10-07T11:25:19.7804160+05:30" testType="13cdc9d9-ddb5-4fa4-a97d-d965ccfc6d4b" outcome="Passed" testListId="8c84fa94-04c1-424b-9868-57a2d4851a1d" relativeResultsDirectory="f99c8b30-9df9-49ed-b5d3-bb067349b972">
    </UnitTestResult>
    <UnitTestResult executionId="5b96e925-6d0d-42c1-bd2b-1181619df50c" testId="34de043c-a716-0b00-27f3-9195a5394f30" testName="GetPercentageTest_BoundaryValues" computerName="OPTIMUS-PC-NEW1" duration="00:00:00.0043437" startTime="2013-10-07T11:25:19.7824161+05:30" endTime="2013-10-07T11:25:19.7954168+05:30" testType="13cdc9d9-ddb5-4fa4-a97d-d965ccfc6d4b" outcome="Passed" testListId="8c84fa94-04c1-424b-9868-57a2d4851a1d" relativeResultsDirectory="5b96e925-6d0d-42c1-bd2b-1181619df50c">
    </UnitTestResult>
    <UnitTestResult executionId="bc251ff3-2c47-4151-94cd-f5e6ec3ae477" testId="c466efc0-256c-0a4d-d337-d09c8cff9af8" testName="GetPercentage_NegativeTest" computerName="OPTIMUS-PC-NEW1" duration="00:00:00.0002323" startTime="2013-10-07T11:25:19.8024172+05:30" endTime="2013-10-07T11:25:19.8284187+05:30" testType="13cdc9d9-ddb5-4fa4-a97d-d965ccfc6d4b" outcome="Passed" testListId="8c84fa94-04c1-424b-9868-57a2d4851a1d" relativeResultsDirectory="bc251ff3-2c47-4151-94cd-f5e6ec3ae477">
    </UnitTestResult>
  </Results>
</TestRun>