<?xml version="1.0" encoding="UTF-8"?>
<TestRun id="21a8e073-6eee-4266-a7a0-ad17bb1d2413" name="Oprimus User New@OPTIMUS-PC-NEW1 2013-10-07 12:17:10" runUser="OPTIMUS-PC-NEW1\Oprimus User New" xmlns="http://microsoft.com/schemas/VisualStudio/TeamTest/2010">
  <TestSettings name="Local" id="d33705c7-96d0-4473-9c4c-8ea313b95fc5">
    <Description>These are default test settings for a local test run.</Description>
    <Deployment runDeploymentRoot="Oprimus User New_OPTIMUS-PC-NEW1 2013-10-07 12_17_10">
      <DeploymentItem filename="E:\DotNet-assignments\Assignment-33-Test-Cases\Assignment-33-Test-Cases\bin\Assignment-33-Test-Cases.dll" />
    </Deployment>
    <Execution>
      <TestTypeSpecific>
        <UnitTestRunConfig testTypeId="13cdc9d9-ddb5-4fa4-a97d-d965ccfc6d4b">
          <AssemblyResolution>
            <TestDirectory useLoadContext="true" />
          </AssemblyResolution>
        </UnitTestRunConfig>
        <WebTestRunConfiguration testTypeId="4e7599fa-5ecb-43e9-a887-cd63cf72d207">
          <Browser name="Internet Explorer 7.0">
            <Headers>
              <Header name="User-Agent" value="Mozilla/4.0 (compatible; MSIE 7.0; Windows NT 5.1)" />
              <Header name="Accept" value="*/*" />
              <Header name="Accept-Language" value="{{$IEAcceptLanguage}}" />
              <Header name="Accept-Encoding" value="GZIP" />
            </Headers>
          </Browser>
        </WebTestRunConfiguration>
      </TestTypeSpecific>
      <AgentRule name="LocalMachineDefaultRole">
        <DataCollectors>
          <DataCollector uri="datacollector://microsoft/CodeCoverage/1.0" assemblyQualifiedName="Microsoft.VisualStudio.TestTools.CodeCoverage.CoveragePlugIn, Microsoft.VisualStudio.QualityTools.Plugins.CodeCoverage, Version=10.0.0.0, Culture=neutral, PublicKeyToken=b03f5f7f11d50a3a" friendlyName="Code Coverage">
          </DataCollector>
        </DataCollectors>
      </AgentRule>
    </Execution>
  </TestSettings>
  <Times creation="2013-10-07T12:17:10.3873325+05:30" queuing="2013-10-07T12:17:10.6533477+05:30" start="2013-10-07T12:17:10.7003504+05:30" finish="2013-10-07T12:17:11.4093910+05:30" />
  <ResultSummary outcome="Warning">
    <Counters total="4" executed="4" passed="4" error="0" failed="0" timeout="0" aborted="0" inconclusive="0" passedButRunAborted="0" notRunnable="0" notExecuted="0" disconnected="0" warning="0" completed="0" inProgress="0" pending="0" />
    <RunInfos>
      <RunInfo computerName="OPTIMUS-PC-NEW1" outcome="Warning" timestamp="2013-10-07T12:17:10.5983446+05:30">
        <Text>Warning: Disabling deployment is ignored for the test run because code coverage is enabled in the active test settings.</Text>
      </RunInfo>
    </RunInfos>
  </ResultSummary>
  <TestDefinitions>
    <UnitTest name="GetPercentage_PositiveTest" storage="e:\dotnet-assignments\assignment-33-test-cases\checkpercentage\bin\debug\checkpercentage.dll" id="22fb828f-6c5f-e4bb-7084-a6d4f0d3e7c7">
      <Execution id="4c183b8c-d014-44ea-992a-4f12f5a270ca" />
      <TestMethod codeBase="E:/DotNet-assignments/Assignment-33-Test-Cases/CheckPercentage/bin/Debug/CheckPercentage.DLL" adapterTypeName="Microsoft.VisualStudio.TestTools.TestTypes.Unit.UnitTestAdapter, Microsoft.VisualStudio.QualityTools.Tips.UnitTest.Adapter, Version=10.0.0.0, Culture=neutral, PublicKeyToken=b03f5f7f11d50a3a" className="CheckPercentage.DataTest, CheckPercentage, Version=1.0.0.0, Culture=neutral, PublicKeyToken=null" name="GetPercentage_PositiveTest" />
    </UnitTest>
    <UnitTest name="GetPercentageTest_exceptions" storage="e:\dotnet-assignments\assignment-33-test-cases\checkpercentage\bin\debug\checkpercentage.dll" id="014ff619-db58-2050-fd83-9f1458e393e7">
      <Execution id="031abe99-758f-4668-b13c-d3440d2f6021" />
      <TestMethod codeBase="E:/DotNet-assignments/Assignment-33-Test-Cases/CheckPercentage/bin/Debug/CheckPercentage.DLL" adapterTypeName="Microsoft.VisualStudio.TestTools.TestTypes.Unit.UnitTestAdapter, Microsoft.VisualStudio.QualityTools.Tips.UnitTest.Adapter, Version=10.0.0.0, Culture=neutral, PublicKeyToken=b03f5f7f11d50a3a" className="CheckPercentage.DataTest, CheckPercentage, Version=1.0.0.0, Culture=neutral, PublicKeyToken=null" name="GetPercentageTest_exceptions" />
    </UnitTest>
    <UnitTest name="GetPercentage_NegativeTest" storage="e:\dotnet-assignments\assignment-33-test-cases\checkpercentage\bin\debug\checkpercentage.dll" id="c466efc0-256c-0a4d-d337-d09c8cff9af8">
      <Execution id="dcaeff63-0e52-40da-ad69-67a842378ad1" />
      <TestMethod codeBase="E:/DotNet-assignments/Assignment-33-Test-Cases/CheckPercentage/bin/Debug/CheckPercentage.DLL" adapterTypeName="Microsoft.VisualStudio.TestTools.TestTypes.Unit.UnitTestAdapter, Microsoft.VisualStudio.QualityTools.Tips.UnitTest.Adapter, Version=10.0.0.0, Culture=neutral, PublicKeyToken=b03f5f7f11d50a3a" className="CheckPercentage.DataTest, CheckPercentage, Version=1.0.0.0, Culture=neutral, PublicKeyToken=null" name="GetPercentage_NegativeTest" />
    </UnitTest>
    <UnitTest name="GetPercentageTest_BoundaryValues" storage="e:\dotnet-assignments\assignment-33-test-cases\checkpercentage\bin\debug\checkpercentage.dll" id="34de043c-a716-0b00-27f3-9195a5394f30">
      <Execution id="23004551-e888-4aab-85a4-8edcc189e8ca" />
      <TestMethod codeBase="E:/DotNet-assignments/Assignment-33-Test-Cases/CheckPercentage/bin/Debug/CheckPercentage.DLL" adapterTypeName="Microsoft.VisualStudio.TestTools.TestTypes.Unit.UnitTestAdapter, Microsoft.VisualStudio.QualityTools.Tips.UnitTest.Adapter, Version=10.0.0.0, Culture=neutral, PublicKeyToken=b03f5f7f11d50a3a" className="CheckPercentage.DataTest, CheckPercentage, Version=1.0.0.0, Culture=neutral, PublicKeyToken=null" name="GetPercentageTest_BoundaryValues" />
    </UnitTest>
  </TestDefinitions>
  <TestLists>
    <TestList name="Results Not in a List" id="8c84fa94-04c1-424b-9868-57a2d4851a1d" />
    <TestList name="All Loaded Results" id="19431567-8539-422a-85d7-44ee4e166bda" />
  </TestLists>
  <TestEntries>
    <TestEntry testId="014ff619-db58-2050-fd83-9f1458e393e7" executionId="031abe99-758f-4668-b13c-d3440d2f6021" testListId="8c84fa94-04c1-424b-9868-57a2d4851a1d" />
    <TestEntry testId="22fb828f-6c5f-e4bb-7084-a6d4f0d3e7c7" executionId="4c183b8c-d014-44ea-992a-4f12f5a270ca" testListId="8c84fa94-04c1-424b-9868-57a2d4851a1d" />
    <TestEntry testId="34de043c-a716-0b00-27f3-9195a5394f30" executionId="23004551-e888-4aab-85a4-8edcc189e8ca" testListId="8c84fa94-04c1-424b-9868-57a2d4851a1d" />
    <TestEntry testId="c466efc0-256c-0a4d-d337-d09c8cff9af8" executionId="dcaeff63-0e52-40da-ad69-67a842378ad1" testListId="8c84fa94-04c1-424b-9868-57a2d4851a1d" />
  </TestEntries>
  <Results>
    <UnitTestResult executionId="031abe99-758f-4668-b13c-d3440d2f6021" testId="014ff619-db58-2050-fd83-9f1458e393e7" testName="GetPercentageTest_exceptions" computerName="OPTIMUS-PC-NEW1" duration="00:00:00.0190596" startTime="2013-10-07T12:17:11.1513762+05:30" endTime="2013-10-07T12:17:11.3673886+05:30" testType="13cdc9d9-ddb5-4fa4-a97d-d965ccfc6d4b" outcome="Passed" testListId="8c84fa94-04c1-424b-9868-57a2d4851a1d" relativeResultsDirectory="031abe99-758f-4668-b13c-d3440d2f6021">
    </UnitTestResult>
    <UnitTestResult executionId="4c183b8c-d014-44ea-992a-4f12f5a270ca" testId="22fb828f-6c5f-e4bb-7084-a6d4f0d3e7c7" testName="GetPercentage_PositiveTest" computerName="OPTIMUS-PC-NEW1" duration="00:00:00.0002635" startTime="2013-10-07T12:17:11.3693887+05:30" endTime="2013-10-07T12:17:11.3743890+05:30" testType="13cdc9d9-ddb5-4fa4-a97d-d965ccfc6d4b" outcome="Passed" testListId="8c84fa94-04c1-424b-9868-57a2d4851a1d" relativeResultsDirectory="4c183b8c-d014-44ea-992a-4f12f5a270ca">
    </UnitTestResult>
    <UnitTestResult executionId="23004551-e888-4aab-85a4-8edcc189e8ca" testId="34de043c-a716-0b00-27f3-9195a5394f30" testName="GetPercentageTest_BoundaryValues" computerName="OPTIMUS-PC-NEW1" duration="00:00:00.0009095" startTime="2013-10-07T12:17:11.3773891+05:30" endTime="2013-10-07T12:17:11.3823894+05:30" testType="13cdc9d9-ddb5-4fa4-a97d-d965ccfc6d4b" outcome="Passed" testListId="8c84fa94-04c1-424b-9868-57a2d4851a1d" relativeResultsDirectory="23004551-e888-4aab-85a4-8edcc189e8ca">
    </UnitTestResult>
    <UnitTestResult executionId="dcaeff63-0e52-40da-ad69-67a842378ad1" testId="c466efc0-256c-0a4d-d337-d09c8cff9af8" testName="GetPercentage_NegativeTest" computerName="OPTIMUS-PC-NEW1" duration="00:00:00.0002418" startTime="2013-10-07T12:17:11.3843895+05:30" endTime="2013-10-07T12:17:11.3893898+05:30" testType="13cdc9d9-ddb5-4fa4-a97d-d965ccfc6d4b" outcome="Passed" testListId="8c84fa94-04c1-424b-9868-57a2d4851a1d" relativeResultsDirectory="dcaeff63-0e52-40da-ad69-67a842378ad1">
    </UnitTestResult>
  </Results>
</TestRun>