<?xml version="1.0" encoding="UTF-8"?>
<TestRun id="5b886b7c-6cce-4eda-b9d0-5d0516c326e1" name="Oprimus User New@OPTIMUS-PC-NEW1 2013-10-07 12:26:16" runUser="OPTIMUS-PC-NEW1\Oprimus User New" xmlns="http://microsoft.com/schemas/VisualStudio/TeamTest/2010">
  <TestSettings name="Local" id="d33705c7-96d0-4473-9c4c-8ea313b95fc5">
    <Description>These are default test settings for a local test run.</Description>
    <Deployment runDeploymentRoot="Oprimus User New_OPTIMUS-PC-NEW1 2013-10-07 12_26_16">
      <DeploymentItem filename="E:\DotNet-assignments\Assignment-33-Test-Cases\Assignment-33-Test-Cases\bin\Assignment-33-Test-Cases.dll" />
    </Deployment>
    <Execution>
      <TestTypeSpecific>
        <UnitTestRunConfig testTypeId="13cdc9d9-ddb5-4fa4-a97d-d965ccfc6d4b">
          <AssemblyResolution>
            <TestDirectory useLoadContext="true" />
          </AssemblyResolution>
        </UnitTestRunConfig>
        <WebTestRunConfiguration testTypeId="4e7599fa-5ecb-43e9-a887-cd63cf72d207">
          <Browser name="Internet Explorer 7.0">
            <Headers>
              <Header name="User-Agent" value="Mozilla/4.0 (compatible; MSIE 7.0; Windows NT 5.1)" />
              <Header name="Accept" value="*/*" />
              <Header name="Accept-Language" value="{{$IEAcceptLanguage}}" />
              <Header name="Accept-Encoding" value="GZIP" />
            </Headers>
          </Browser>
        </WebTestRunConfiguration>
      </TestTypeSpecific>
      <AgentRule name="LocalMachineDefaultRole">
        <DataCollectors>
          <DataCollector uri="datacollector://microsoft/CodeCoverage/1.0" assemblyQualifiedName="Microsoft.VisualStudio.TestTools.CodeCoverage.CoveragePlugIn, Microsoft.VisualStudio.QualityTools.Plugins.CodeCoverage, Version=10.0.0.0, Culture=neutral, PublicKeyToken=b03f5f7f11d50a3a" friendlyName="Code Coverage">
            <Configuration>
              <CodeCoverage xmlns="">
                <Regular>
                  <CodeCoverageItem binaryFile="E:\DotNet-assignments\Assignment-33-Test-Cases\CheckPercentage\bin\Debug\CheckPercentage.dll" pdbFile="E:\DotNet-assignments\Assignment-33-Test-Cases\CheckPercentage\bin\Debug\CheckPercentage.instr.pdb" instrumentInPlace="true" />
                </Regular>
              </CodeCoverage>
            </Configuration>
          </DataCollector>
        </DataCollectors>
      </AgentRule>
    </Execution>
  </TestSettings>
  <Times creation="2013-10-07T12:26:16.2375534+05:30" queuing="2013-10-07T12:26:16.6145749+05:30" start="2013-10-07T12:26:16.8085860+05:30" finish="2013-10-07T12:26:19.3097291+05:30" />
  <ResultSummary outcome="Completed">
    <Counters total="4" executed="4" passed="4" error="0" failed="0" timeout="0" aborted="0" inconclusive="0" passedButRunAborted="0" notRunnable="0" notExecuted="0" disconnected="0" warning="0" completed="0" inProgress="0" pending="0" />
    <ResultFiles>
      <ResultFile path="OPTIMUS-PC-NEW1\data.coverage" />
    </ResultFiles>
  </ResultSummary>
  <TestDefinitions>
    <UnitTest name="GetPercentage_PositiveTest" storage="e:\dotnet-assignments\assignment-33-test-cases\checkpercentage\bin\debug\checkpercentage.dll" id="22fb828f-6c5f-e4bb-7084-a6d4f0d3e7c7">
      <Execution id="cfd23d5f-427b-485e-ab4e-f0749f845074" />
      <TestMethod codeBase="E:/DotNet-assignments/Assignment-33-Test-Cases/CheckPercentage/bin/Debug/CheckPercentage.DLL" adapterTypeName="Microsoft.VisualStudio.TestTools.TestTypes.Unit.UnitTestAdapter, Microsoft.VisualStudio.QualityTools.Tips.UnitTest.Adapter, Version=10.0.0.0, Culture=neutral, PublicKeyToken=b03f5f7f11d50a3a" className="CheckPercentage.DataTest, CheckPercentage, Version=1.0.0.0, Culture=neutral, PublicKeyToken=null" name="GetPercentage_PositiveTest" />
    </UnitTest>
    <UnitTest name="GetPercentageTest_exceptions" storage="e:\dotnet-assignments\assignment-33-test-cases\checkpercentage\bin\debug\checkpercentage.dll" id="014ff619-db58-2050-fd83-9f1458e393e7">
      <Execution id="fff77658-725b-4247-9def-d1cbb60d9e3c" />
      <TestMethod codeBase="E:/DotNet-assignments/Assignment-33-Test-Cases/CheckPercentage/bin/Debug/CheckPercentage.DLL" adapterTypeName="Microsoft.VisualStudio.TestTools.TestTypes.Unit.UnitTestAdapter, Microsoft.VisualStudio.QualityTools.Tips.UnitTest.Adapter, Version=10.0.0.0, Culture=neutral, PublicKeyToken=b03f5f7f11d50a3a" className="CheckPercentage.DataTest, CheckPercentage, Version=1.0.0.0, Culture=neutral, PublicKeyToken=null" name="GetPercentageTest_exceptions" />
    </UnitTest>
    <UnitTest name="GetPercentage_NegativeTest" storage="e:\dotnet-assignments\assignment-33-test-cases\checkpercentage\bin\debug\checkpercentage.dll" id="c466efc0-256c-0a4d-d337-d09c8cff9af8">
      <Execution id="7bead2b1-5451-4bac-91a5-93507e9b340e" />
      <TestMethod codeBase="E:/DotNet-assignments/Assignment-33-Test-Cases/CheckPercentage/bin/Debug/CheckPercentage.DLL" adapterTypeName="Microsoft.VisualStudio.TestTools.TestTypes.Unit.UnitTestAdapter, Microsoft.VisualStudio.QualityTools.Tips.UnitTest.Adapter, Version=10.0.0.0, Culture=neutral, PublicKeyToken=b03f5f7f11d50a3a" className="CheckPercentage.DataTest, CheckPercentage, Version=1.0.0.0, Culture=neutral, PublicKeyToken=null" name="GetPercentage_NegativeTest" />
    </UnitTest>
    <UnitTest name="GetPercentageTest_BoundaryValues" storage="e:\dotnet-assignments\assignment-33-test-cases\checkpercentage\bin\debug\checkpercentage.dll" id="34de043c-a716-0b00-27f3-9195a5394f30">
      <Execution id="8a93dd1d-41c8-447b-a1cd-b3065406fbd1" />
      <TestMethod codeBase="E:/DotNet-assignments/Assignment-33-Test-Cases/CheckPercentage/bin/Debug/CheckPercentage.DLL" adapterTypeName="Microsoft.VisualStudio.TestTools.TestTypes.Unit.UnitTestAdapter, Microsoft.VisualStudio.QualityTools.Tips.UnitTest.Adapter, Version=10.0.0.0, Culture=neutral, PublicKeyToken=b03f5f7f11d50a3a" className="CheckPercentage.DataTest, CheckPercentage, Version=1.0.0.0, Culture=neutral, PublicKeyToken=null" name="GetPercentageTest_BoundaryValues" />
    </UnitTest>
  </TestDefinitions>
  <TestLists>
    <TestList name="Results Not in a List" id="8c84fa94-04c1-424b-9868-57a2d4851a1d" />
    <TestList name="All Loaded Results" id="19431567-8539-422a-85d7-44ee4e166bda" />
  </TestLists>
  <TestEntries>
    <TestEntry testId="014ff619-db58-2050-fd83-9f1458e393e7" executionId="fff77658-725b-4247-9def-d1cbb60d9e3c" testListId="8c84fa94-04c1-424b-9868-57a2d4851a1d" />
    <TestEntry testId="22fb828f-6c5f-e4bb-7084-a6d4f0d3e7c7" executionId="cfd23d5f-427b-485e-ab4e-f0749f845074" testListId="8c84fa94-04c1-424b-9868-57a2d4851a1d" />
    <TestEntry testId="34de043c-a716-0b00-27f3-9195a5394f30" executionId="8a93dd1d-41c8-447b-a1cd-b3065406fbd1" testListId="8c84fa94-04c1-424b-9868-57a2d4851a1d" />
    <TestEntry testId="c466efc0-256c-0a4d-d337-d09c8cff9af8" executionId="7bead2b1-5451-4bac-91a5-93507e9b340e" testListId="8c84fa94-04c1-424b-9868-57a2d4851a1d" />
  </TestEntries>
  <Results>
    <UnitTestResult executionId="fff77658-725b-4247-9def-d1cbb60d9e3c" testId="014ff619-db58-2050-fd83-9f1458e393e7" testName="GetPercentageTest_exceptions" computerName="OPTIMUS-PC-NEW1" duration="00:00:00.0271983" startTime="2013-10-07T12:26:17.4156207+05:30" endTime="2013-10-07T12:26:17.6346333+05:30" testType="13cdc9d9-ddb5-4fa4-a97d-d965ccfc6d4b" outcome="Passed" testListId="8c84fa94-04c1-424b-9868-57a2d4851a1d" relativeResultsDirectory="fff77658-725b-4247-9def-d1cbb60d9e3c">
    </UnitTestResult>
    <UnitTestResult executionId="cfd23d5f-427b-485e-ab4e-f0749f845074" testId="22fb828f-6c5f-e4bb-7084-a6d4f0d3e7c7" testName="GetPercentage_PositiveTest" computerName="OPTIMUS-PC-NEW1" duration="00:00:00.0002995" startTime="2013-10-07T12:26:17.6366334+05:30" endTime="2013-10-07T12:26:17.6416337+05:30" testType="13cdc9d9-ddb5-4fa4-a97d-d965ccfc6d4b" outcome="Passed" testListId="8c84fa94-04c1-424b-9868-57a2d4851a1d" relativeResultsDirectory="cfd23d5f-427b-485e-ab4e-f0749f845074">
    </UnitTestResult>
    <UnitTestResult executionId="8a93dd1d-41c8-447b-a1cd-b3065406fbd1" testId="34de043c-a716-0b00-27f3-9195a5394f30" testName="GetPercentageTest_BoundaryValues" computerName="OPTIMUS-PC-NEW1" duration="00:00:00.0009893" startTime="2013-10-07T12:26:17.6446338+05:30" endTime="2013-10-07T12:26:17.6496341+05:30" testType="13cdc9d9-ddb5-4fa4-a97d-d965ccfc6d4b" outcome="Passed" testListId="8c84fa94-04c1-424b-9868-57a2d4851a1d" relativeResultsDirectory="8a93dd1d-41c8-447b-a1cd-b3065406fbd1">
    </UnitTestResult>
    <UnitTestResult executionId="7bead2b1-5451-4bac-91a5-93507e9b340e" testId="c466efc0-256c-0a4d-d337-d09c8cff9af8" testName="GetPercentage_NegativeTest" computerName="OPTIMUS-PC-NEW1" duration="00:00:00.0002740" startTime="2013-10-07T12:26:17.6526343+05:30" endTime="2013-10-07T12:26:17.6576346+05:30" testType="13cdc9d9-ddb5-4fa4-a97d-d965ccfc6d4b" outcome="Passed" testListId="8c84fa94-04c1-424b-9868-57a2d4851a1d" relativeResultsDirectory="7bead2b1-5451-4bac-91a5-93507e9b340e">
    </UnitTestResult>
  </Results>
</TestRun>