<?xml version="1.0" encoding="UTF-8"?>
<TestRun id="fcfe48be-3144-4d65-ae3e-58f3c5959f36" name="Oprimus User New@OPTIMUS-PC-NEW1 2013-10-07 11:32:52" runUser="OPTIMUS-PC-NEW1\Oprimus User New" xmlns="http://microsoft.com/schemas/VisualStudio/TeamTest/2010">
  <TestSettings name="Local" id="d33705c7-96d0-4473-9c4c-8ea313b95fc5">
    <Description>These are default test settings for a local test run.</Description>
    <Deployment userDeploymentRoot="C:\Users\Shweta Sharma\Documents\Visual Studio 2010\Projects\Assignment-33-Test-Cases\TestResults" useDefaultDeploymentRoot="false" enabled="false" runDeploymentRoot="Oprimus User New_OPTIMUS-PC-NEW1 2013-10-07 11_32_52">
      <DeploymentItem filename="C:\Users\Shweta Sharma\Documents\Visual Studio 2010\Projects\Assignment-33-Test-Cases\Assignment-33-Test-Cases\bin\Assignment-33-Test-Cases.dll" />
    </Deployment>
    <Execution>
      <TestTypeSpecific />
      <AgentRule name="Execution Agents">
      </AgentRule>
    </Execution>
  </TestSettings>
  <Times creation="2013-10-07T11:32:52.1012872+05:30" queuing="2013-10-07T11:32:53.1693483+05:30" start="2013-10-07T11:32:53.3533589+05:30" finish="2013-10-07T11:33:03.7539537+05:30" />
  <ResultSummary outcome="Completed">
    <Counters total="4" executed="4" passed="4" error="0" failed="0" timeout="0" aborted="0" inconclusive="0" passedButRunAborted="0" notRunnable="0" notExecuted="0" disconnected="0" warning="0" completed="0" inProgress="0" pending="0" />
  </ResultSummary>
  <TestDefinitions>
    <UnitTest name="GetPercentage_PositiveTest" storage="c:\users\shweta sharma\documents\visual studio 2010\projects\assignment-33-test-cases\checkpercentage\bin\debug\checkpercentage.dll" id="22fb828f-6c5f-e4bb-7084-a6d4f0d3e7c7">
      <Execution id="b835573b-16da-4136-a3d9-1855e4795c5e" />
      <TestMethod codeBase="C:/Users/Shweta Sharma/Documents/Visual Studio 2010/Projects/Assignment-33-Test-Cases/CheckPercentage/bin/Debug/CheckPercentage.DLL" adapterTypeName="Microsoft.VisualStudio.TestTools.TestTypes.Unit.UnitTestAdapter, Microsoft.VisualStudio.QualityTools.Tips.UnitTest.Adapter, Version=10.0.0.0, Culture=neutral, PublicKeyToken=b03f5f7f11d50a3a" className="CheckPercentage.DataTest, CheckPercentage, Version=1.0.0.0, Culture=neutral, PublicKeyToken=null" name="GetPercentage_PositiveTest" />
    </UnitTest>
    <UnitTest name="GetPercentageTest_exceptions" storage="c:\users\shweta sharma\documents\visual studio 2010\projects\assignment-33-test-cases\checkpercentage\bin\debug\checkpercentage.dll" id="014ff619-db58-2050-fd83-9f1458e393e7">
      <Execution id="36c80420-c025-4594-ae39-9e285f669910" />
      <TestMethod codeBase="C:/Users/Shweta Sharma/Documents/Visual Studio 2010/Projects/Assignment-33-Test-Cases/CheckPercentage/bin/Debug/CheckPercentage.DLL" adapterTypeName="Microsoft.VisualStudio.TestTools.TestTypes.Unit.UnitTestAdapter, Microsoft.VisualStudio.QualityTools.Tips.UnitTest.Adapter, Version=10.0.0.0, Culture=neutral, PublicKeyToken=b03f5f7f11d50a3a" className="CheckPercentage.DataTest, CheckPercentage, Version=1.0.0.0, Culture=neutral, PublicKeyToken=null" name="GetPercentageTest_exceptions" />
    </UnitTest>
    <UnitTest name="GetPercentage_NegativeTest" storage="c:\users\shweta sharma\documents\visual studio 2010\projects\assignment-33-test-cases\checkpercentage\bin\debug\checkpercentage.dll" id="c466efc0-256c-0a4d-d337-d09c8cff9af8">
      <Execution id="3c789a1b-a79f-475f-b058-247b78e4f428" />
      <TestMethod codeBase="C:/Users/Shweta Sharma/Documents/Visual Studio 2010/Projects/Assignment-33-Test-Cases/CheckPercentage/bin/Debug/CheckPercentage.DLL" adapterTypeName="Microsoft.VisualStudio.TestTools.TestTypes.Unit.UnitTestAdapter, Microsoft.VisualStudio.QualityTools.Tips.UnitTest.Adapter, Version=10.0.0.0, Culture=neutral, PublicKeyToken=b03f5f7f11d50a3a" className="CheckPercentage.DataTest, CheckPercentage, Version=1.0.0.0, Culture=neutral, PublicKeyToken=null" name="GetPercentage_NegativeTest" />
    </UnitTest>
    <UnitTest name="GetPercentageTest_BoundaryValues" storage="c:\users\shweta sharma\documents\visual studio 2010\projects\assignment-33-test-cases\checkpercentage\bin\debug\checkpercentage.dll" id="34de043c-a716-0b00-27f3-9195a5394f30">
      <Execution id="1aed20b7-95f9-420b-b41d-074dfcc2bcde" />
      <TestMethod codeBase="C:/Users/Shweta Sharma/Documents/Visual Studio 2010/Projects/Assignment-33-Test-Cases/CheckPercentage/bin/Debug/CheckPercentage.DLL" adapterTypeName="Microsoft.VisualStudio.TestTools.TestTypes.Unit.UnitTestAdapter, Microsoft.VisualStudio.QualityTools.Tips.UnitTest.Adapter, Version=10.0.0.0, Culture=neutral, PublicKeyToken=b03f5f7f11d50a3a" className="CheckPercentage.DataTest, CheckPercentage, Version=1.0.0.0, Culture=neutral, PublicKeyToken=null" name="GetPercentageTest_BoundaryValues" />
    </UnitTest>
  </TestDefinitions>
  <TestLists>
    <TestList name="Results Not in a List" id="8c84fa94-04c1-424b-9868-57a2d4851a1d" />
    <TestList name="All Loaded Results" id="19431567-8539-422a-85d7-44ee4e166bda" />
  </TestLists>
  <TestEntries>
    <TestEntry testId="c466efc0-256c-0a4d-d337-d09c8cff9af8" executionId="3c789a1b-a79f-475f-b058-247b78e4f428" testListId="8c84fa94-04c1-424b-9868-57a2d4851a1d" />
    <TestEntry testId="22fb828f-6c5f-e4bb-7084-a6d4f0d3e7c7" executionId="b835573b-16da-4136-a3d9-1855e4795c5e" testListId="8c84fa94-04c1-424b-9868-57a2d4851a1d" />
    <TestEntry testId="34de043c-a716-0b00-27f3-9195a5394f30" executionId="1aed20b7-95f9-420b-b41d-074dfcc2bcde" testListId="8c84fa94-04c1-424b-9868-57a2d4851a1d" />
    <TestEntry testId="014ff619-db58-2050-fd83-9f1458e393e7" executionId="36c80420-c025-4594-ae39-9e285f669910" testListId="8c84fa94-04c1-424b-9868-57a2d4851a1d" />
  </TestEntries>
  <Results>
    <UnitTestResult executionId="3c789a1b-a79f-475f-b058-247b78e4f428" testId="c466efc0-256c-0a4d-d337-d09c8cff9af8" testName="GetPercentage_NegativeTest" computerName="OPTIMUS-PC-NEW1" duration="00:00:00.0245834" startTime="2013-10-07T11:32:53.5023674+05:30" endTime="2013-10-07T11:32:54.1644052+05:30" testType="13cdc9d9-ddb5-4fa4-a97d-d965ccfc6d4b" outcome="Passed" testListId="8c84fa94-04c1-424b-9868-57a2d4851a1d" relativeResultsDirectory="3c789a1b-a79f-475f-b058-247b78e4f428">
    </UnitTestResult>
    <UnitTestResult executionId="b835573b-16da-4136-a3d9-1855e4795c5e" testId="22fb828f-6c5f-e4bb-7084-a6d4f0d3e7c7" testName="GetPercentage_PositiveTest" computerName="OPTIMUS-PC-NEW1" duration="00:00:00.0002813" startTime="2013-10-07T11:32:54.1844064+05:30" endTime="2013-10-07T11:32:54.1984072+05:30" testType="13cdc9d9-ddb5-4fa4-a97d-d965ccfc6d4b" outcome="Passed" testListId="8c84fa94-04c1-424b-9868-57a2d4851a1d" relativeResultsDirectory="b835573b-16da-4136-a3d9-1855e4795c5e">
    </UnitTestResult>
    <UnitTestResult executionId="1aed20b7-95f9-420b-b41d-074dfcc2bcde" testId="34de043c-a716-0b00-27f3-9195a5394f30" testName="GetPercentageTest_BoundaryValues" computerName="OPTIMUS-PC-NEW1" duration="00:00:00.0010477" startTime="2013-10-07T11:32:54.2094078+05:30" endTime="2013-10-07T11:32:54.2204085+05:30" testType="13cdc9d9-ddb5-4fa4-a97d-d965ccfc6d4b" outcome="Passed" testListId="8c84fa94-04c1-424b-9868-57a2d4851a1d" relativeResultsDirectory="1aed20b7-95f9-420b-b41d-074dfcc2bcde">
    </UnitTestResult>
    <UnitTestResult executionId="36c80420-c025-4594-ae39-9e285f669910" testId="014ff619-db58-2050-fd83-9f1458e393e7" testName="GetPercentageTest_exceptions" computerName="OPTIMUS-PC-NEW1" duration="00:00:09.3012527" startTime="2013-10-07T11:32:54.2294090+05:30" endTime="2013-10-07T11:33:03.6529480+05:30" testType="13cdc9d9-ddb5-4fa4-a97d-d965ccfc6d4b" outcome="Passed" testListId="8c84fa94-04c1-424b-9868-57a2d4851a1d" relativeResultsDirectory="36c80420-c025-4594-ae39-9e285f669910">
    </UnitTestResult>
  </Results>
</TestRun>