<?xml version="1.0" encoding="UTF-8"?>
<TestRun id="59a6aa13-2eb5-43ad-a8b5-350120db765c" name="Oprimus User New@OPTIMUS-PC-NEW1 2013-10-07 11:33:55" runUser="OPTIMUS-PC-NEW1\Oprimus User New" xmlns="http://microsoft.com/schemas/VisualStudio/TeamTest/2010">
  <TestSettings name="Local" id="d33705c7-96d0-4473-9c4c-8ea313b95fc5">
    <Description>These are default test settings for a local test run.</Description>
    <Deployment userDeploymentRoot="C:\Users\Shweta Sharma\Documents\Visual Studio 2010\Projects\Assignment-33-Test-Cases\TestResults" useDefaultDeploymentRoot="false" enabled="false" runDeploymentRoot="Oprimus User New_OPTIMUS-PC-NEW1 2013-10-07 11_33_55">
      <DeploymentItem filename="C:\Users\Shweta Sharma\Documents\Visual Studio 2010\Projects\Assignment-33-Test-Cases\Assignment-33-Test-Cases\bin\Assignment-33-Test-Cases.dll" />
    </Deployment>
    <Execution>
      <TestTypeSpecific />
      <AgentRule name="Execution Agents">
      </AgentRule>
    </Execution>
  </TestSettings>
  <Times creation="2013-10-07T11:33:55.2158972+05:30" queuing="2013-10-07T11:33:56.3019593+05:30" start="2013-10-07T11:33:56.4809696+05:30" finish="2013-10-07T11:34:03.4983709+05:30" />
  <ResultSummary outcome="Completed">
    <Counters total="4" executed="4" passed="4" error="0" failed="0" timeout="0" aborted="0" inconclusive="0" passedButRunAborted="0" notRunnable="0" notExecuted="0" disconnected="0" warning="0" completed="0" inProgress="0" pending="0" />
  </ResultSummary>
  <TestDefinitions>
    <UnitTest name="GetPercentage_PositiveTest" storage="c:\users\shweta sharma\documents\visual studio 2010\projects\assignment-33-test-cases\checkpercentage\bin\debug\checkpercentage.dll" id="22fb828f-6c5f-e4bb-7084-a6d4f0d3e7c7">
      <Execution id="6b180afc-ea70-4c95-bcea-5184300e8d7f" />
      <TestMethod codeBase="C:/Users/Shweta Sharma/Documents/Visual Studio 2010/Projects/Assignment-33-Test-Cases/CheckPercentage/bin/Debug/CheckPercentage.DLL" adapterTypeName="Microsoft.VisualStudio.TestTools.TestTypes.Unit.UnitTestAdapter, Microsoft.VisualStudio.QualityTools.Tips.UnitTest.Adapter, Version=10.0.0.0, Culture=neutral, PublicKeyToken=b03f5f7f11d50a3a" className="CheckPercentage.DataTest, CheckPercentage, Version=1.0.0.0, Culture=neutral, PublicKeyToken=null" name="GetPercentage_PositiveTest" />
    </UnitTest>
    <UnitTest name="GetPercentageTest_exceptions" storage="c:\users\shweta sharma\documents\visual studio 2010\projects\assignment-33-test-cases\checkpercentage\bin\debug\checkpercentage.dll" id="014ff619-db58-2050-fd83-9f1458e393e7">
      <Execution id="78bfed46-0c94-460f-ac67-3cf479c084bf" />
      <TestMethod codeBase="C:/Users/Shweta Sharma/Documents/Visual Studio 2010/Projects/Assignment-33-Test-Cases/CheckPercentage/bin/Debug/CheckPercentage.DLL" adapterTypeName="Microsoft.VisualStudio.TestTools.TestTypes.Unit.UnitTestAdapter, Microsoft.VisualStudio.QualityTools.Tips.UnitTest.Adapter, Version=10.0.0.0, Culture=neutral, PublicKeyToken=b03f5f7f11d50a3a" className="CheckPercentage.DataTest, CheckPercentage, Version=1.0.0.0, Culture=neutral, PublicKeyToken=null" name="GetPercentageTest_exceptions" />
    </UnitTest>
    <UnitTest name="GetPercentage_NegativeTest" storage="c:\users\shweta sharma\documents\visual studio 2010\projects\assignment-33-test-cases\checkpercentage\bin\debug\checkpercentage.dll" id="c466efc0-256c-0a4d-d337-d09c8cff9af8">
      <Execution id="d9133edf-ad3f-46ba-81d1-eb5896cf92ac" />
      <TestMethod codeBase="C:/Users/Shweta Sharma/Documents/Visual Studio 2010/Projects/Assignment-33-Test-Cases/CheckPercentage/bin/Debug/CheckPercentage.DLL" adapterTypeName="Microsoft.VisualStudio.TestTools.TestTypes.Unit.UnitTestAdapter, Microsoft.VisualStudio.QualityTools.Tips.UnitTest.Adapter, Version=10.0.0.0, Culture=neutral, PublicKeyToken=b03f5f7f11d50a3a" className="CheckPercentage.DataTest, CheckPercentage, Version=1.0.0.0, Culture=neutral, PublicKeyToken=null" name="GetPercentage_NegativeTest" />
    </UnitTest>
    <UnitTest name="GetPercentageTest_BoundaryValues" storage="c:\users\shweta sharma\documents\visual studio 2010\projects\assignment-33-test-cases\checkpercentage\bin\debug\checkpercentage.dll" id="34de043c-a716-0b00-27f3-9195a5394f30">
      <Execution id="3adcb869-0d93-4da5-b8c1-692681f0e9ff" />
      <TestMethod codeBase="C:/Users/Shweta Sharma/Documents/Visual Studio 2010/Projects/Assignment-33-Test-Cases/CheckPercentage/bin/Debug/CheckPercentage.DLL" adapterTypeName="Microsoft.VisualStudio.TestTools.TestTypes.Unit.UnitTestAdapter, Microsoft.VisualStudio.QualityTools.Tips.UnitTest.Adapter, Version=10.0.0.0, Culture=neutral, PublicKeyToken=b03f5f7f11d50a3a" className="CheckPercentage.DataTest, CheckPercentage, Version=1.0.0.0, Culture=neutral, PublicKeyToken=null" name="GetPercentageTest_BoundaryValues" />
    </UnitTest>
  </TestDefinitions>
  <TestLists>
    <TestList name="Results Not in a List" id="8c84fa94-04c1-424b-9868-57a2d4851a1d" />
    <TestList name="All Loaded Results" id="19431567-8539-422a-85d7-44ee4e166bda" />
  </TestLists>
  <TestEntries>
    <TestEntry testId="c466efc0-256c-0a4d-d337-d09c8cff9af8" executionId="d9133edf-ad3f-46ba-81d1-eb5896cf92ac" testListId="8c84fa94-04c1-424b-9868-57a2d4851a1d" />
    <TestEntry testId="22fb828f-6c5f-e4bb-7084-a6d4f0d3e7c7" executionId="6b180afc-ea70-4c95-bcea-5184300e8d7f" testListId="8c84fa94-04c1-424b-9868-57a2d4851a1d" />
    <TestEntry testId="34de043c-a716-0b00-27f3-9195a5394f30" executionId="3adcb869-0d93-4da5-b8c1-692681f0e9ff" testListId="8c84fa94-04c1-424b-9868-57a2d4851a1d" />
    <TestEntry testId="014ff619-db58-2050-fd83-9f1458e393e7" executionId="78bfed46-0c94-460f-ac67-3cf479c084bf" testListId="8c84fa94-04c1-424b-9868-57a2d4851a1d" />
  </TestEntries>
  <Results>
    <UnitTestResult executionId="d9133edf-ad3f-46ba-81d1-eb5896cf92ac" testId="c466efc0-256c-0a4d-d337-d09c8cff9af8" testName="GetPercentage_NegativeTest" computerName="OPTIMUS-PC-NEW1" duration="00:00:00.0220924" startTime="2013-10-07T11:33:56.6259778+05:30" endTime="2013-10-07T11:33:57.4140229+05:30" testType="13cdc9d9-ddb5-4fa4-a97d-d965ccfc6d4b" outcome="Passed" testListId="8c84fa94-04c1-424b-9868-57a2d4851a1d" relativeResultsDirectory="d9133edf-ad3f-46ba-81d1-eb5896cf92ac">
    </UnitTestResult>
    <UnitTestResult executionId="6b180afc-ea70-4c95-bcea-5184300e8d7f" testId="22fb828f-6c5f-e4bb-7084-a6d4f0d3e7c7" testName="GetPercentage_PositiveTest" computerName="OPTIMUS-PC-NEW1" duration="00:00:00.0002890" startTime="2013-10-07T11:33:57.4300238+05:30" endTime="2013-10-07T11:33:57.4430246+05:30" testType="13cdc9d9-ddb5-4fa4-a97d-d965ccfc6d4b" outcome="Passed" testListId="8c84fa94-04c1-424b-9868-57a2d4851a1d" relativeResultsDirectory="6b180afc-ea70-4c95-bcea-5184300e8d7f">
    </UnitTestResult>
    <UnitTestResult executionId="3adcb869-0d93-4da5-b8c1-692681f0e9ff" testId="34de043c-a716-0b00-27f3-9195a5394f30" testName="GetPercentageTest_BoundaryValues" computerName="OPTIMUS-PC-NEW1" duration="00:00:00.0009865" startTime="2013-10-07T11:33:57.4520251+05:30" endTime="2013-10-07T11:33:57.4620257+05:30" testType="13cdc9d9-ddb5-4fa4-a97d-d965ccfc6d4b" outcome="Passed" testListId="8c84fa94-04c1-424b-9868-57a2d4851a1d" relativeResultsDirectory="3adcb869-0d93-4da5-b8c1-692681f0e9ff">
    </UnitTestResult>
    <UnitTestResult executionId="78bfed46-0c94-460f-ac67-3cf479c084bf" testId="014ff619-db58-2050-fd83-9f1458e393e7" testName="GetPercentageTest_exceptions" computerName="OPTIMUS-PC-NEW1" duration="00:00:05.8118284" startTime="2013-10-07T11:33:57.4700261+05:30" endTime="2013-10-07T11:34:03.3983652+05:30" testType="13cdc9d9-ddb5-4fa4-a97d-d965ccfc6d4b" outcome="Passed" testListId="8c84fa94-04c1-424b-9868-57a2d4851a1d" relativeResultsDirectory="78bfed46-0c94-460f-ac67-3cf479c084bf">
    </UnitTestResult>
  </Results>
</TestRun>