<?xml version="1.0" encoding="UTF-8"?>
<TestRun id="e3023cd6-7b90-49c3-bc53-6df46cc902f1" name="Oprimus User New@OPTIMUS-PC-NEW1 2013-10-07 12:00:04" runUser="OPTIMUS-PC-NEW1\Oprimus User New" xmlns="http://microsoft.com/schemas/VisualStudio/TeamTest/2010">
  <TestSettings name="Local" id="d33705c7-96d0-4473-9c4c-8ea313b95fc5">
    <Description>These are default test settings for a local test run.</Description>
    <Deployment runDeploymentRoot="Oprimus User New_OPTIMUS-PC-NEW1 2013-10-07 12_00_04">
      <DeploymentItem filename="E:\DotNet-assignments\Assignment-33-Test-Cases\Assignment-33-Test-Cases\bin\Assignment-33-Test-Cases.dll" />
    </Deployment>
    <Execution>
      <TestTypeSpecific>
        <UnitTestRunConfig testTypeId="13cdc9d9-ddb5-4fa4-a97d-d965ccfc6d4b">
          <AssemblyResolution>
            <TestDirectory useLoadContext="true" />
          </AssemblyResolution>
        </UnitTestRunConfig>
        <WebTestRunConfiguration testTypeId="4e7599fa-5ecb-43e9-a887-cd63cf72d207">
          <Browser name="Internet Explorer 7.0">
            <Headers>
              <Header name="User-Agent" value="Mozilla/4.0 (compatible; MSIE 7.0; Windows NT 5.1)" />
              <Header name="Accept" value="*/*" />
              <Header name="Accept-Language" value="{{$IEAcceptLanguage}}" />
              <Header name="Accept-Encoding" value="GZIP" />
            </Headers>
          </Browser>
        </WebTestRunConfiguration>
      </TestTypeSpecific>
      <AgentRule name="LocalMachineDefaultRole">
        <DataCollectors>
          <DataCollector uri="datacollector://microsoft/CodeCoverage/1.0" assemblyQualifiedName="Microsoft.VisualStudio.TestTools.CodeCoverage.CoveragePlugIn, Microsoft.VisualStudio.QualityTools.Plugins.CodeCoverage, Version=10.0.0.0, Culture=neutral, PublicKeyToken=b03f5f7f11d50a3a" friendlyName="Code Coverage">
          </DataCollector>
        </DataCollectors>
      </AgentRule>
    </Execution>
  </TestSettings>
  <Times creation="2013-10-07T12:00:04.8026724+05:30" queuing="2013-10-07T12:00:05.2526982+05:30" start="2013-10-07T12:00:05.3987065+05:30" finish="2013-10-07T12:00:06.2417547+05:30" />
  <ResultSummary outcome="Warning">
    <Counters total="4" executed="4" passed="4" error="0" failed="0" timeout="0" aborted="0" inconclusive="0" passedButRunAborted="0" notRunnable="0" notExecuted="0" disconnected="0" warning="0" completed="0" inProgress="0" pending="0" />
    <RunInfos>
      <RunInfo computerName="OPTIMUS-PC-NEW1" outcome="Warning" timestamp="2013-10-07T12:00:05.0836885+05:30">
        <Text>Warning: Disabling deployment is ignored for the test run because code coverage is enabled in the active test settings.</Text>
      </RunInfo>
    </RunInfos>
  </ResultSummary>
  <TestDefinitions>
    <UnitTest name="GetPercentageTest_BoundaryValues" storage="e:\dotnet-assignments\assignment-33-test-cases\checkpercentage\bin\debug\checkpercentage.dll" id="34de043c-a716-0b00-27f3-9195a5394f30">
      <Execution id="4c868470-bc2e-4c56-abe9-72435e09e6a9" />
      <TestMethod codeBase="E:/DotNet-assignments/Assignment-33-Test-Cases/CheckPercentage/bin/Debug/CheckPercentage.DLL" adapterTypeName="Microsoft.VisualStudio.TestTools.TestTypes.Unit.UnitTestAdapter, Microsoft.VisualStudio.QualityTools.Tips.UnitTest.Adapter, Version=10.0.0.0, Culture=neutral, PublicKeyToken=b03f5f7f11d50a3a" className="CheckPercentage.DataTest, CheckPercentage, Version=1.0.0.0, Culture=neutral, PublicKeyToken=null" name="GetPercentageTest_BoundaryValues" />
    </UnitTest>
    <UnitTest name="GetPercentageTest_exceptions" storage="e:\dotnet-assignments\assignment-33-test-cases\checkpercentage\bin\debug\checkpercentage.dll" id="014ff619-db58-2050-fd83-9f1458e393e7">
      <Execution id="805a0e26-978c-4977-92bf-fc2d6ebb13f3" />
      <TestMethod codeBase="E:/DotNet-assignments/Assignment-33-Test-Cases/CheckPercentage/bin/Debug/CheckPercentage.DLL" adapterTypeName="Microsoft.VisualStudio.TestTools.TestTypes.Unit.UnitTestAdapter, Microsoft.VisualStudio.QualityTools.Tips.UnitTest.Adapter, Version=10.0.0.0, Culture=neutral, PublicKeyToken=b03f5f7f11d50a3a" className="CheckPercentage.DataTest, CheckPercentage, Version=1.0.0.0, Culture=neutral, PublicKeyToken=null" name="GetPercentageTest_exceptions" />
    </UnitTest>
    <UnitTest name="GetPercentage_NegativeTest" storage="e:\dotnet-assignments\assignment-33-test-cases\checkpercentage\bin\debug\checkpercentage.dll" id="c466efc0-256c-0a4d-d337-d09c8cff9af8">
      <Execution id="c493a0aa-28c9-4563-934a-88ebe20a8f7c" />
      <TestMethod codeBase="E:/DotNet-assignments/Assignment-33-Test-Cases/CheckPercentage/bin/Debug/CheckPercentage.DLL" adapterTypeName="Microsoft.VisualStudio.TestTools.TestTypes.Unit.UnitTestAdapter, Microsoft.VisualStudio.QualityTools.Tips.UnitTest.Adapter, Version=10.0.0.0, Culture=neutral, PublicKeyToken=b03f5f7f11d50a3a" className="CheckPercentage.DataTest, CheckPercentage, Version=1.0.0.0, Culture=neutral, PublicKeyToken=null" name="GetPercentage_NegativeTest" />
    </UnitTest>
    <UnitTest name="GetPercentage_PositiveTest" storage="e:\dotnet-assignments\assignment-33-test-cases\checkpercentage\bin\debug\checkpercentage.dll" id="22fb828f-6c5f-e4bb-7084-a6d4f0d3e7c7">
      <Execution id="08c07f8f-b6c3-4a75-94ad-d7932c362f4a" />
      <TestMethod codeBase="E:/DotNet-assignments/Assignment-33-Test-Cases/CheckPercentage/bin/Debug/CheckPercentage.DLL" adapterTypeName="Microsoft.VisualStudio.TestTools.TestTypes.Unit.UnitTestAdapter, Microsoft.VisualStudio.QualityTools.Tips.UnitTest.Adapter, Version=10.0.0.0, Culture=neutral, PublicKeyToken=b03f5f7f11d50a3a" className="CheckPercentage.DataTest, CheckPercentage, Version=1.0.0.0, Culture=neutral, PublicKeyToken=null" name="GetPercentage_PositiveTest" />
    </UnitTest>
  </TestDefinitions>
  <TestLists>
    <TestList name="Results Not in a List" id="8c84fa94-04c1-424b-9868-57a2d4851a1d" />
    <TestList name="All Loaded Results" id="19431567-8539-422a-85d7-44ee4e166bda" />
  </TestLists>
  <TestEntries>
    <TestEntry testId="014ff619-db58-2050-fd83-9f1458e393e7" executionId="805a0e26-978c-4977-92bf-fc2d6ebb13f3" testListId="8c84fa94-04c1-424b-9868-57a2d4851a1d" />
    <TestEntry testId="34de043c-a716-0b00-27f3-9195a5394f30" executionId="4c868470-bc2e-4c56-abe9-72435e09e6a9" testListId="8c84fa94-04c1-424b-9868-57a2d4851a1d" />
    <TestEntry testId="c466efc0-256c-0a4d-d337-d09c8cff9af8" executionId="c493a0aa-28c9-4563-934a-88ebe20a8f7c" testListId="8c84fa94-04c1-424b-9868-57a2d4851a1d" />
    <TestEntry testId="22fb828f-6c5f-e4bb-7084-a6d4f0d3e7c7" executionId="08c07f8f-b6c3-4a75-94ad-d7932c362f4a" testListId="8c84fa94-04c1-424b-9868-57a2d4851a1d" />
  </TestEntries>
  <Results>
    <UnitTestResult executionId="805a0e26-978c-4977-92bf-fc2d6ebb13f3" testId="014ff619-db58-2050-fd83-9f1458e393e7" testName="GetPercentageTest_exceptions" computerName="OPTIMUS-PC-NEW1" duration="00:00:00.0172118" startTime="2013-10-07T12:00:05.9927405+05:30" endTime="2013-10-07T12:00:06.2007524+05:30" testType="13cdc9d9-ddb5-4fa4-a97d-d965ccfc6d4b" outcome="Passed" testListId="8c84fa94-04c1-424b-9868-57a2d4851a1d" relativeResultsDirectory="805a0e26-978c-4977-92bf-fc2d6ebb13f3">
    </UnitTestResult>
    <UnitTestResult executionId="4c868470-bc2e-4c56-abe9-72435e09e6a9" testId="34de043c-a716-0b00-27f3-9195a5394f30" testName="GetPercentageTest_BoundaryValues" computerName="OPTIMUS-PC-NEW1" duration="00:00:00.0008938" startTime="2013-10-07T12:00:06.2027525+05:30" endTime="2013-10-07T12:00:06.2087528+05:30" testType="13cdc9d9-ddb5-4fa4-a97d-d965ccfc6d4b" outcome="Passed" testListId="8c84fa94-04c1-424b-9868-57a2d4851a1d" relativeResultsDirectory="4c868470-bc2e-4c56-abe9-72435e09e6a9">
    </UnitTestResult>
    <UnitTestResult executionId="c493a0aa-28c9-4563-934a-88ebe20a8f7c" testId="c466efc0-256c-0a4d-d337-d09c8cff9af8" testName="GetPercentage_NegativeTest" computerName="OPTIMUS-PC-NEW1" duration="00:00:00.0003867" startTime="2013-10-07T12:00:06.2097529+05:30" endTime="2013-10-07T12:00:06.2147532+05:30" testType="13cdc9d9-ddb5-4fa4-a97d-d965ccfc6d4b" outcome="Passed" testListId="8c84fa94-04c1-424b-9868-57a2d4851a1d" relativeResultsDirectory="c493a0aa-28c9-4563-934a-88ebe20a8f7c">
    </UnitTestResult>
    <UnitTestResult executionId="08c07f8f-b6c3-4a75-94ad-d7932c362f4a" testId="22fb828f-6c5f-e4bb-7084-a6d4f0d3e7c7" testName="GetPercentage_PositiveTest" computerName="OPTIMUS-PC-NEW1" duration="00:00:00.0002351" startTime="2013-10-07T12:00:06.2157532+05:30" endTime="2013-10-07T12:00:06.2217536+05:30" testType="13cdc9d9-ddb5-4fa4-a97d-d965ccfc6d4b" outcome="Passed" testListId="8c84fa94-04c1-424b-9868-57a2d4851a1d" relativeResultsDirectory="08c07f8f-b6c3-4a75-94ad-d7932c362f4a">
    </UnitTestResult>
  </Results>
</TestRun>